[bracketweb.com/zeinet-html/main-html/index3-one-page.html]
[backblue.gif]
[fade.gif]
[index.html]
[bracketweb.com/zeinet-html/main-html/assets/images/favicons/apple-touch-icon.png]
[bracketweb.com/zeinet-html/main-html/assets/images/favicons/favicon-32x32.png]
[bracketweb.com/zeinet-html/main-html/assets/images/favicons/favicon-16x16.png]
[bracketweb.com/zeinet-html/main-html/assets/images/favicons/site.webmanifest]
[bracketweb.com/zeinet-html/main-html/assets/vendors/animate/animate.min.css]
[bracketweb.com/zeinet-html/main-html/assets/vendors/bootstrap/css/bootstrap.min.css]
[bracketweb.com/zeinet-html/main-html/assets/vendors/animate/custom-animate.css]
[bracketweb.com/zeinet-html/main-html/assets/vendors/fontawesome/css/all.min.css]
[bracketweb.com/zeinet-html/main-html/assets/vendors/jarallax/jarallax.css]
[bracketweb.com/zeinet-html/main-html/assets/vendors/jquery-magnific-popup/jquery.magnific-popup.css]
[bracketweb.com/zeinet-html/main-html/assets/vendors/nouislider/nouislider.min.css]
[bracketweb.com/zeinet-html/main-html/assets/vendors/nouislider/nouislider.pips.css]
[bracketweb.com/zeinet-html/main-html/assets/vendors/odometer/odometer.min.css]
[bracketweb.com/zeinet-html/main-html/assets/vendors/swiper/swiper.min.css]
[bracketweb.com/zeinet-html/main-html/assets/vendors/zeinet-icons/style.css]
[bracketweb.com/zeinet-html/main-html/assets/vendors/tiny-slider/tiny-slider.min.css]
[bracketweb.com/zeinet-html/main-html/assets/vendors/reey-font/stylesheet.css]
[bracketweb.com/zeinet-html/main-html/assets/vendors/owl-carousel/owl.carousel.min.css]
[bracketweb.com/zeinet-html/main-html/assets/vendors/owl-carousel/owl.theme.default.min.css]
[bracketweb.com/zeinet-html/main-html/assets/vendors/bxslider/jquery.bxslider.css]
[bracketweb.com/zeinet-html/main-html/assets/vendors/bootstrap-select/css/bootstrap-select.min.css]
[bracketweb.com/zeinet-html/main-html/assets/vendors/vegas/vegas.min.css]
[bracketweb.com/zeinet-html/main-html/assets/vendors/jquery-ui/jquery-ui.css]
[bracketweb.com/zeinet-html/main-html/assets/vendors/timepicker/timePicker.css]
[bracketweb.com/zeinet-html/main-html/assets/css/zeinet.css]
[bracketweb.com/zeinet-html/main-html/index.html]
[bracketweb.com/zeinet-html/main-html/assets/images/resources/logo-1.png]
[bracketweb.com/zeinet-html/main-html/cart.html]
[bracketweb.com/zeinet-html/main-html/contact.html]
[bracketweb.com/zeinet-html/main-html/assets/images/backgrounds/main-slider-3-1.jpg]
[bracketweb.com/zeinet-html/main-html/about.html]
[bracketweb.com/zeinet-html/main-html/assets/images/shapes/main-slider-three-shape-2.png]
[bracketweb.com/zeinet-html/main-html/assets/images/backgrounds/main-slider-3-2.jpg]
[bracketweb.com/zeinet-html/main-html/assets/images/backgrounds/main-slider-3-3.jpg]
[bracketweb.com/zeinet-html/main-html/assets/images/shapes/wifi-pack-shape-1.png]
[bracketweb.com/zeinet-html/main-html/packages-01.html]
[bracketweb.com/zeinet-html/main-html/assets/images/resources/about-two-img-1.jpg]
[bracketweb.com/zeinet-html/main-html/assets/images/resources/about-two-img-2.jpg]
[bracketweb.com/zeinet-html/main-html/assets/images/shapes/services-one-shape-1.png]
[bracketweb.com/zeinet-html/main-html/assets/images/shapes/services-one-shape-2.png]
[bracketweb.com/zeinet-html/main-html/assets/images/backgrounds/services-one-single-bg.jpg]
[bracketweb.com/zeinet-html/main-html/satelite-tv.html]
[bracketweb.com/zeinet-html/main-html/broadband.html]
[bracketweb.com/zeinet-html/main-html/all-for-mobile.html]
[bracketweb.com/zeinet-html/main-html/fast-internet.html]
[bracketweb.com/zeinet-html/main-html/assets/images/backgrounds/benefits-bg-one.jpg]
[bracketweb.com/zeinet-html/main-html/assets/images/shapes/benefits-shape-1.png]
[bracketweb.com/zeinet-html/main-html/assets/images/backgrounds/testimonial-two-bg.png]
[bracketweb.com/zeinet-html/main-html/assets/images/testimonial/testimonial-two-left-img.jpg]
[bracketweb.com/zeinet-html/main-html/assets/images/shapes/testimonial-two-toggle-shape.png]
[bracketweb.com/zeinet-html/main-html/assets/images/testimonial/testimonial-two-content-img-1.jpg]
[bracketweb.com/zeinet-html/main-html/assets/images/testimonial/testimonial-two-content-img-2.jpg]
[bracketweb.com/zeinet-html/main-html/assets/images/testimonial/testimonial-two-content-img-3.jpg]
[bracketweb.com/zeinet-html/main-html/assets/images/testimonial/testimonial-two-content-img-4.jpg]
[bracketweb.com/zeinet-html/main-html/assets/images/testimonial/testimonial-2-1.jpg]
[bracketweb.com/zeinet-html/main-html/assets/images/testimonial/testimonial-2-2.jpg]
[bracketweb.com/zeinet-html/main-html/assets/images/testimonial/testimonial-2-3.jpg]
[bracketweb.com/zeinet-html/main-html/assets/images/testimonial/testimonial-2-4.jpg]
[bracketweb.com/zeinet-html/main-html/assets/images/shapes/entertainment-shape-bg.png]
[bracketweb.com/zeinet-html/main-html/assets/images/resources/entertainment-img-1-1.jpg]
[bracketweb.com/zeinet-html/main-html/movie.html]
[bracketweb.com/zeinet-html/main-html/assets/images/resources/entertainment-img-1-2.jpg]
[bracketweb.com/zeinet-html/main-html/assets/images/resources/entertainment-img-1-3.jpg]
[bracketweb.com/zeinet-html/main-html/assets/images/resources/entertainment-img-1-4.jpg]
[bracketweb.com/zeinet-html/main-html/assets/images/resources/entertainment-img-1-5.jpg]
[bracketweb.com/zeinet-html/main-html/assets/images/shapes/brand-one-shape-1.png]
[bracketweb.com/zeinet-html/main-html/assets/images/shapes/brand-one-shape-2.png]
[bracketweb.com/zeinet-html/main-html/assets/images/brand/brand-1-1.png]
[bracketweb.com/zeinet-html/main-html/assets/images/brand/brand-1-2.png]
[bracketweb.com/zeinet-html/main-html/assets/images/brand/brand-1-3.png]
[bracketweb.com/zeinet-html/main-html/assets/images/brand/brand-1-4.png]
[bracketweb.com/zeinet-html/main-html/assets/images/brand/brand-1-5.png]
[bracketweb.com/zeinet-html/main-html/assets/images/blog/news-1.1.jpg]
[bracketweb.com/zeinet-html/main-html/news-details.html]
[bracketweb.com/zeinet-html/main-html/assets/images/blog/news-1.2.jpg]
[bracketweb.com/zeinet-html/main-html/assets/images/blog/news-1.3.jpg]
[bracketweb.com/zeinet-html/main-html/assets/images/shapes/site-footer-shape-bg.png]
[bracketweb.com/zeinet-html/main-html/services.html]
[bracketweb.com/zeinet-html/main-html/news.html]
[bracketweb.com/zeinet-html/main-html/assets/images/resources/logo-2.png]
[bracketweb.com/zeinet-html/main-html/assets/vendors/jquery/jquery-3.6.0.min.js]
[bracketweb.com/zeinet-html/main-html/assets/vendors/bootstrap/js/bootstrap.bundle.min.js]
[bracketweb.com/zeinet-html/main-html/assets/vendors/jarallax/jarallax.min.js]
[bracketweb.com/zeinet-html/main-html/assets/vendors/jquery-ajaxchimp/jquery.ajaxchimp.min.js]
[bracketweb.com/zeinet-html/main-html/assets/vendors/jquery-appear/jquery.appear.min.js]
[bracketweb.com/zeinet-html/main-html/assets/vendors/jquery-circle-progress/jquery.circle-progress.min.js]
[bracketweb.com/zeinet-html/main-html/assets/vendors/jquery-magnific-popup/jquery.magnific-popup.min.js]
[bracketweb.com/zeinet-html/main-html/assets/vendors/jquery-validate/jquery.validate.min.js]
[bracketweb.com/zeinet-html/main-html/assets/vendors/nouislider/nouislider.min.js]
[bracketweb.com/zeinet-html/main-html/assets/vendors/odometer/odometer.min.js]
[bracketweb.com/zeinet-html/main-html/assets/vendors/swiper/swiper.min.js]
[bracketweb.com/zeinet-html/main-html/assets/vendors/tiny-slider/tiny-slider.min.js]
[bracketweb.com/zeinet-html/main-html/assets/vendors/wnumb/wNumb.min.js]
[bracketweb.com/zeinet-html/main-html/assets/vendors/wow/wow.js]
[bracketweb.com/zeinet-html/main-html/assets/vendors/isotope/isotope.js]
[bracketweb.com/zeinet-html/main-html/assets/vendors/countdown/countdown.min.js]
[bracketweb.com/zeinet-html/main-html/assets/vendors/owl-carousel/owl.carousel.min.js]
[bracketweb.com/zeinet-html/main-html/assets/vendors/bxslider/jquery.bxslider.min.js]
[bracketweb.com/zeinet-html/main-html/assets/vendors/bootstrap-select/js/bootstrap-select.min.js]
[bracketweb.com/zeinet-html/main-html/assets/vendors/vegas/vegas.min.js]
[bracketweb.com/zeinet-html/main-html/assets/vendors/timepicker/timePicker.js]
[bracketweb.com/zeinet-html/main-html/assets/vendors/jquery-ui/jquery-ui.js]
[bracketweb.com/zeinet-html/main-html/assets/vendors/circleType/jquery.circleType.js]
[bracketweb.com/zeinet-html/main-html/assets/vendors/circleType/jquery.lettering.min.js]
[bracketweb.com/zeinet-html/main-html/index3-one-page.html]
[bracketweb.com/zeinet-html/main-html/assets/vendors/bootstrap/css/bootstrap.min.css]
[bracketweb.com/zeinet-html/main-html/assets/js/zeinet.js]
[bracketweb.com/zeinet-html/main-html/assets/vendors/animate/animate.min.css]
[bracketweb.com/zeinet-html/main-html/assets/vendors/animate/custom-animate.css]
[bracketweb.com/zeinet-html/main-html/assets/vendors/fontawesome/webfonts/fa-brands-400.woff2]
[bracketweb.com/zeinet-html/main-html/assets/vendors/fontawesome/webfonts/fa-brands-400.eot]
[bracketweb.com/zeinet-html/main-html/assets/vendors/fontawesome/webfonts/fa-brands-400d41d.eot]
[bracketweb.com/zeinet-html/main-html/assets/vendors/fontawesome/webfonts/fa-brands-400.woff]
[bracketweb.com/zeinet-html/main-html/assets/vendors/fontawesome/webfonts/fa-brands-400.ttf]
[bracketweb.com/zeinet-html/main-html/assets/vendors/fontawesome/webfonts/fa-regular-400.eot]
[bracketweb.com/zeinet-html/main-html/assets/vendors/fontawesome/webfonts/fa-regular-400d41d.eot]
[bracketweb.com/zeinet-html/main-html/assets/vendors/fontawesome/webfonts/fa-brands-400.svg]
[bracketweb.com/zeinet-html/main-html/assets/vendors/fontawesome/webfonts/fa-regular-400.woff2]
[bracketweb.com/zeinet-html/main-html/assets/vendors/fontawesome/webfonts/fa-regular-400.woff]
[bracketweb.com/zeinet-html/main-html/assets/vendors/fontawesome/webfonts/fa-regular-400.ttf]
[bracketweb.com/zeinet-html/main-html/assets/vendors/fontawesome/webfonts/fa-regular-400.svg]
[bracketweb.com/zeinet-html/main-html/assets/vendors/fontawesome/webfonts/fa-solid-900.eot]
[bracketweb.com/zeinet-html/main-html/assets/vendors/fontawesome/webfonts/fa-solid-900d41d.eot]
[bracketweb.com/zeinet-html/main-html/assets/vendors/fontawesome/webfonts/fa-solid-900.woff2]
[bracketweb.com/zeinet-html/main-html/assets/vendors/fontawesome/webfonts/fa-solid-900.woff]
[bracketweb.com/zeinet-html/main-html/assets/vendors/fontawesome/webfonts/fa-solid-900.ttf]
[bracketweb.com/zeinet-html/main-html/assets/vendors/fontawesome/css/all.min.css]
[bracketweb.com/zeinet-html/main-html/assets/vendors/jarallax/jarallax.css]
[bracketweb.com/zeinet-html/main-html/assets/vendors/jquery-magnific-popup/jquery.magnific-popup.css]
[bracketweb.com/zeinet-html/main-html/assets/vendors/nouislider/nouislider.min.css]
[bracketweb.com/zeinet-html/main-html/assets/vendors/nouislider/nouislider.pips.css]
[bracketweb.com/zeinet-html/main-html/assets/vendors/odometer/odometer.min.css]
[bracketweb.com/zeinet-html/main-html/assets/vendors/swiper/swiper.min.css]
[bracketweb.com/zeinet-html/main-html/assets/vendors/fontawesome/webfonts/fa-solid-900.svg]
[bracketweb.com/zeinet-html/main-html/assets/vendors/zeinet-icons/fonts/icomoon71f6.eot]
[bracketweb.com/zeinet-html/main-html/assets/vendors/zeinet-icons/fonts/icomoon71f6.ttf]
[bracketweb.com/zeinet-html/main-html/assets/vendors/zeinet-icons/fonts/icomoon71f6.woff]
[bracketweb.com/zeinet-html/main-html/assets/vendors/zeinet-icons/style.css]
[bracketweb.com/zeinet-html/main-html/assets/vendors/tiny-slider/tiny-slider.min.css]
[bracketweb.com/zeinet-html/main-html/assets/vendors/zeinet-icons/fonts/icomoon71f6.svg]
[bracketweb.com/zeinet-html/main-html/assets/vendors/reey-font/reey-regular-webfont.woff2]
[bracketweb.com/zeinet-html/main-html/assets/vendors/reey-font/reey-regular-webfont.woff]
[bracketweb.com/zeinet-html/main-html/assets/vendors/reey-font/stylesheet.css]
[bracketweb.com/zeinet-html/main-html/assets/vendors/owl-carousel/owl.carousel.min.css]
[bracketweb.com/zeinet-html/main-html/assets/vendors/owl-carousel/owl.theme.default.min.css]
[bracketweb.com/zeinet-html/main-html/assets/vendors/bxslider/jquery.bxslider.css]
[bracketweb.com/zeinet-html/main-html/assets/vendors/bootstrap-select/css/bootstrap-select.min.css]
[bracketweb.com/zeinet-html/main-html/assets/vendors/vegas/vegas.min.css]
[bracketweb.com/zeinet-html/main-html/assets/vendors/jquery-ui/images/ui-bg_highlight-soft_75_cccccc_1x100.png]
[bracketweb.com/zeinet-html/main-html/assets/vendors/jquery-ui/images/ui-bg_glass_75_e6e6e6_1x400.png]
[bracketweb.com/zeinet-html/main-html/assets/vendors/jquery-ui/images/ui-bg_glass_75_dadada_1x400.png]
[bracketweb.com/zeinet-html/main-html/assets/vendors/jquery-ui/images/ui-bg_glass_65_ffffff_1x400.png]
[bracketweb.com/zeinet-html/main-html/assets/vendors/jquery-ui/images/ui-bg_glass_55_fbf9ee_1x400.png]
[bracketweb.com/zeinet-html/main-html/assets/vendors/jquery-ui/images/ui-bg_glass_95_fef1ec_1x400.png]
[bracketweb.com/zeinet-html/main-html/assets/vendors/jquery-ui/images/ui-icons_222222_256x240.png]
[bracketweb.com/zeinet-html/main-html/assets/vendors/jquery-ui/images/ui-icons_888888_256x240.png]
[bracketweb.com/zeinet-html/main-html/assets/vendors/jquery-ui/images/ui-icons_454545_256x240.png]
[bracketweb.com/zeinet-html/main-html/assets/vendors/jquery-ui/images/ui-icons_2e83ff_256x240.png]
[bracketweb.com/zeinet-html/main-html/assets/vendors/jquery-ui/images/ui-icons_cd0a0a_256x240.png]
[bracketweb.com/zeinet-html/main-html/assets/vendors/jquery-ui/jquery-ui.css]
[bracketweb.com/zeinet-html/main-html/assets/vendors/timepicker/timePicker.css]
[bracketweb.com/zeinet-html/main-html/assets/images/loader.png]
[bracketweb.com/zeinet-html/main-html/assets/images/shapes/main-slider-three-shape-1.png]
[bracketweb.com/zeinet-html/main-html/assets/images/shapes/live-sports-toggle-shape.png]
[bracketweb.com/zeinet-html/main-html/assets/images/shapes/free-access-shape-4.png]
[bracketweb.com/zeinet-html/main-html/assets/css/zeinet.css]
[bracketweb.com/zeinet-html/main-html/assets/css/zeinet-responsive.html]
[bracketweb.com/zeinet-html/main-html/assets/images/home-showcase/home-1-4.png]
[bracketweb.com/zeinet-html/main-html/index4.html]
[bracketweb.com/zeinet-html/main-html/index4-one-page.html]
[bracketweb.com/zeinet-html/main-html/index4-dark.html]
[bracketweb.com/zeinet-html/main-html/assets/images/home-showcase/home-1-5.png]
[bracketweb.com/zeinet-html/main-html/index5.html]
[bracketweb.com/zeinet-html/main-html/index5-one-page.html]
[bracketweb.com/zeinet-html/main-html/index5-dark.html]
[bracketweb.com/zeinet-html/main-html/assets/images/home-showcase/home-1-1.png]
[bracketweb.com/zeinet-html/main-html/index-one-page.html]
[bracketweb.com/zeinet-html/main-html/index-dark.html]
[bracketweb.com/zeinet-html/main-html/assets/images/home-showcase/home-1-2.png]
[bracketweb.com/zeinet-html/main-html/index2.html]
[bracketweb.com/zeinet-html/main-html/index2-one-page.html]
[bracketweb.com/zeinet-html/main-html/index2-dark.html]
[bracketweb.com/zeinet-html/main-html/assets/images/home-showcase/home-1-3.png]
[bracketweb.com/zeinet-html/main-html/index3.html]
[bracketweb.com/zeinet-html/main-html/index3-dark.html]
[bracketweb.com/zeinet-html/main-html/assets/images/home-showcase/home-boxed.png]
[bracketweb.com/zeinet-html/main-html/index-boxed.html]
[bracketweb.com/zeinet-html/main-html/assets/images/home-showcase/home-rtl.png]
[bracketweb.com/zeinet-html/main-html/index-rtl.html]
[bracketweb.com/zeinet-html/main-html/team.html]
[bracketweb.com/zeinet-html/main-html/team-carousel.html]
[bracketweb.com/zeinet-html/main-html/gallery.html]
[bracketweb.com/zeinet-html/main-html/gallery-carousel.html]
[bracketweb.com/zeinet-html/main-html/packages-02.html]
[bracketweb.com/zeinet-html/main-html/testimonials.html]
[bracketweb.com/zeinet-html/main-html/faq.html]
[bracketweb.com/zeinet-html/main-html/404.html]
[bracketweb.com/zeinet-html/main-html/services-carousel.html]
[bracketweb.com/zeinet-html/main-html/tv-streaming.html]
[bracketweb.com/zeinet-html/main-html/news-carousel.html]
[bracketweb.com/zeinet-html/main-html/news-sidebar.html]
[bracketweb.com/zeinet-html/main-html/news-sidebar-left.html]
[bracketweb.com/zeinet-html/main-html/products.html]
[bracketweb.com/zeinet-html/main-html/product-details.html]
[bracketweb.com/zeinet-html/main-html/checkout.html]
[bracketweb.com/zeinet-html/main-html/assets/images/backgrounds/main-slider-1-1.jpg]
[bracketweb.com/zeinet-html/main-html/assets/images/icon/main-slider-icon.png]
[bracketweb.com/zeinet-html/main-html/assets/images/backgrounds/main-slider-1-2.jpg]
[bracketweb.com/zeinet-html/main-html/assets/images/backgrounds/main-slider-1-3.jpg]
[bracketweb.com/zeinet-html/main-html/assets/images/shapes/feature-one-shape-1.png]
[bracketweb.com/zeinet-html/main-html/assets/images/resources/about-1.1.jpg]
[bracketweb.com/zeinet-html/main-html/assets/images/resources/about-1.2.jpg]
[bracketweb.com/zeinet-html/main-html/assets/images/shapes/why-choose-one-shape-1.png]
[bracketweb.com/zeinet-html/main-html/assets/images/shapes/why-choose-one-shape-2.png]
[bracketweb.com/zeinet-html/main-html/assets/images/backgrounds/save-money-bg.jpg]
[bracketweb.com/zeinet-html/main-html/assets/images/shapes/save-money-shape-1.png]
[bracketweb.com/zeinet-html/main-html/assets/images/icon/save-money-video-arrow.png]
[bracketweb.com/zeinet-html/main-html/assets/images/backgrounds/testimonial-one-bg.png]
[bracketweb.com/zeinet-html/main-html/assets/images/shapes/testimonial-one-shape-1.png]
[bracketweb.com/zeinet-html/main-html/assets/images/shapes/testimonial-one-shape-2.png]
[bracketweb.com/zeinet-html/main-html/assets/images/testimonial/testimonial-1-1.jpg]
[bracketweb.com/zeinet-html/main-html/assets/images/testimonial/testimonial-1-2.jpg]
[bracketweb.com/zeinet-html/main-html/assets/images/testimonial/testimonial-1-3.jpg]
[bracketweb.com/zeinet-html/main-html/assets/images/testimonial/testimonial-1-4.jpg]
[bracketweb.com/zeinet-html/main-html/assets/images/testimonial/testimonial-1-5.jpg]
[bracketweb.com/zeinet-html/main-html/assets/images/testimonial/testimonial-1-6.jpg]
[bracketweb.com/zeinet-html/main-html/assets/images/shapes/all-time-hit-bg-shape.png]
[bracketweb.com/zeinet-html/main-html/assets/images/resources/all-time-hit-img-1.jpg]
[bracketweb.com/zeinet-html/main-html/assets/images/resources/all-time-hit-img-2.jpg]
[bracketweb.com/zeinet-html/main-html/assets/images/resources/all-time-hit-img-3.jpg]
[bracketweb.com/zeinet-html/main-html/assets/images/resources/all-time-hit-img-4.jpg]
[bracketweb.com/zeinet-html/main-html/assets/images/resources/all-time-hit-img-5.jpg]
[bracketweb.com/zeinet-html/main-html/assets/images/shapes/live-sports-shape-1.png]
[bracketweb.com/zeinet-html/main-html/assets/images/backgrounds/live-sports-bg.jpg]
[bracketweb.com/zeinet-html/main-html/assets/images/shapes/service-available-shape-1.png]
[bracketweb.com/zeinet-html/main-html/assets/images/shapes/service-available-shape-2.png]
[bracketweb.com/zeinet-html/main-html/assets/images/shapes/service-available-shape-3.png]
[bracketweb.com/zeinet-html/main-html/assets/images/shapes/service-available-shape-4.png]
[bracketweb.com/zeinet-html/main-html/index.html]
[bracketweb.com/zeinet-html/main-html/assets/images/backgrounds/page-header-bg.jpg]
[bracketweb.com/zeinet-html/main-html/assets/images/shop/cart-page-img-1.jpg]
[bracketweb.com/zeinet-html/main-html/assets/images/shop/cart-page-img-2.jpg]
[bracketweb.com/zeinet-html/main-html/cart.html]
[bracketweb.com/zeinet-html/main-html/assets/images/shapes/contact-page-shape-1.png]
[bracketweb.com/zeinet-html/main-html/contact.html]
[bracketweb.com/zeinet-html/main-html/assets/images/resources/about-four-img-1.jpg]
[bracketweb.com/zeinet-html/main-html/assets/images/resources/about-four-img-2.jpg]
[bracketweb.com/zeinet-html/main-html/assets/images/backgrounds/free-access-bg.jpg]
[bracketweb.com/zeinet-html/main-html/assets/images/shapes/free-access-shape-1.png]
[bracketweb.com/zeinet-html/main-html/assets/images/shapes/free-access-shape-2.png]
[bracketweb.com/zeinet-html/main-html/assets/images/shapes/free-access-shape-3.png]
[bracketweb.com/zeinet-html/main-html/assets/images/team/team-1-1.jpg]
[bracketweb.com/zeinet-html/main-html/assets/images/team/team-1-2.jpg]
[bracketweb.com/zeinet-html/main-html/assets/images/team/team-1-3.jpg]
[bracketweb.com/zeinet-html/main-html/about.html]
[bracketweb.com/zeinet-html/main-html/packages-01.html]
[bracketweb.com/zeinet-html/main-html/assets/images/backgrounds/service-details-need-help-bg.jpg]
[bracketweb.com/zeinet-html/main-html/assets/images/services/service-details-img-4.jpg]
[bracketweb.com/zeinet-html/main-html/assets/images/services/service-details-benefit-img.jpg]
[bracketweb.com/zeinet-html/main-html/satelite-tv.html]
[bracketweb.com/zeinet-html/main-html/assets/images/services/service-details-img-2.jpg]
[bracketweb.com/zeinet-html/main-html/broadband.html]
[bracketweb.com/zeinet-html/main-html/assets/images/services/service-details-img-5.jpg]
[bracketweb.com/zeinet-html/main-html/all-for-mobile.html]
[bracketweb.com/zeinet-html/main-html/assets/images/services/service-details-img-3.jpg]
[bracketweb.com/zeinet-html/main-html/fast-internet.html]
[bracketweb.com/zeinet-html/main-html/assets/images/resources/movie-top-img-1.jpg]
[bracketweb.com/zeinet-html/main-html/assets/images/resources/trailer-and-photo-img-1.jpg]
[bracketweb.com/zeinet-html/main-html/assets/images/resources/trailer-and-photo-img-2.jpg]
[bracketweb.com/zeinet-html/main-html/assets/images/resources/trailer-and-photo-img-3.jpg]
[bracketweb.com/zeinet-html/main-html/assets/images/resources/trailer-and-photo-img-4.jpg]
[bracketweb.com/zeinet-html/main-html/assets/images/resources/trailer-and-photo-img-5.jpg]
[bracketweb.com/zeinet-html/main-html/assets/images/resources/trailer-and-photo-img-6.jpg]
[bracketweb.com/zeinet-html/main-html/assets/images/resources/trailer-and-photo-img-7.jpg]
[bracketweb.com/zeinet-html/main-html/assets/images/resources/top-cast-img-1.jpg]
[bracketweb.com/zeinet-html/main-html/assets/images/resources/top-cast-img-2.jpg]
[bracketweb.com/zeinet-html/main-html/assets/images/resources/top-cast-img-3.jpg]
[bracketweb.com/zeinet-html/main-html/assets/images/resources/top-cast-img-4.jpg]
[bracketweb.com/zeinet-html/main-html/assets/images/resources/top-cast-img-5.jpg]
[bracketweb.com/zeinet-html/main-html/assets/images/resources/top-cast-img-6.jpg]
[bracketweb.com/zeinet-html/main-html/assets/images/resources/top-cast-img-7.jpg]
[bracketweb.com/zeinet-html/main-html/assets/images/resources/top-cast-img-8.jpg]
[bracketweb.com/zeinet-html/main-html/assets/images/resources/movie-more-review-img-1.jpg]
[bracketweb.com/zeinet-html/main-html/assets/images/resources/movie-more-review-img-2.jpg]
[bracketweb.com/zeinet-html/main-html/movie.html]
[bracketweb.com/zeinet-html/main-html/assets/images/blog/news-details-img-1.jpg]
[bracketweb.com/zeinet-html/main-html/assets/images/blog/comment-1-1.jpg]
[bracketweb.com/zeinet-html/main-html/assets/images/blog/comment-1-2.jpg]
[bracketweb.com/zeinet-html/main-html/assets/images/blog/lp-1-1.jpg]
[bracketweb.com/zeinet-html/main-html/assets/images/blog/lp-1-2.jpg]
[bracketweb.com/zeinet-html/main-html/assets/images/blog/lp-1-3.jpg]
[bracketweb.com/zeinet-html/main-html/news-details.html]
[bracketweb.com/zeinet-html/main-html/assets/images/brand/brand-2-1.png]
[bracketweb.com/zeinet-html/main-html/assets/images/brand/brand-2-2.png]
[bracketweb.com/zeinet-html/main-html/assets/images/brand/brand-2-3.png]
[bracketweb.com/zeinet-html/main-html/assets/images/brand/brand-2-4.png]
[bracketweb.com/zeinet-html/main-html/assets/images/brand/brand-2-5.png]
[bracketweb.com/zeinet-html/main-html/services.html]
[bracketweb.com/zeinet-html/main-html/assets/images/blog/news-1.4.jpg]
[bracketweb.com/zeinet-html/main-html/assets/images/blog/news-1.5.jpg]
[bracketweb.com/zeinet-html/main-html/assets/images/blog/news-1.6.jpg]
[bracketweb.com/zeinet-html/main-html/news.html]
[bracketweb.com/zeinet-html/main-html/assets/vendors/fontawesome/webfonts/fa-brands-400.svg]
[bracketweb.com/zeinet-html/main-html/assets/vendors/fontawesome/webfonts/fa-regular-400.svg]
[bracketweb.com/zeinet-html/main-html/assets/vendors/fontawesome/webfonts/fa-solid-900.svg]
[bracketweb.com/zeinet-html/main-html/assets/vendors/zeinet-icons/fonts/icomoon71f6.svg]
[bracketweb.com/zeinet-html/main-html/assets/vendors/owl-carousel/owl.video.play.html]
[bracketweb.com/zeinet-html/main-html/assets/vendors/images/icon/bx_loader.html]
[bracketweb.com/zeinet-html/main-html/assets/vendors/img/bx-slider/controls.html]
[bracketweb.com/zeinet-html/main-html/assets/vendors/vegas/overlays/02.html]
[bracketweb.com/zeinet-html/main-html/assets/vendors/timepicker/images/ui-icons_444444_256x240.html]
[bracketweb.com/zeinet-html/main-html/assets/vendors/zeinet-icons-two/style.css]
[bracketweb.com/zeinet-html/main-html/assets/css/zeinet-color-1.css]
[bracketweb.com/zeinet-html/main-html/assets/images/resources/logo-3.png]
[bracketweb.com/zeinet-html/main-html/assets/images/backgrounds/main-slider-4-1.jpg]
[bracketweb.com/zeinet-html/main-html/assets/images/shapes/main-slider-four-overlay.png]
[bracketweb.com/zeinet-html/main-html/assets/images/shapes/main-slider-four-shape-1.png]
[bracketweb.com/zeinet-html/main-html/assets/images/shapes/main-slider-four-shape-2.png]
[bracketweb.com/zeinet-html/main-html/assets/images/shapes/main-slider-four-shape-3.png]
[bracketweb.com/zeinet-html/main-html/assets/images/backgrounds/main-slider-4-2.jpg]
[bracketweb.com/zeinet-html/main-html/assets/images/shapes/mail-bg-2.png]
[bracketweb.com/zeinet-html/main-html/assets/images/backgrounds/about-bg-5.png]
[bracketweb.com/zeinet-html/main-html/assets/images/resources/about-5-1.jpg]
[bracketweb.com/zeinet-html/main-html/assets/images/resources/about-5-2.jpg]
[bracketweb.com/zeinet-html/main-html/assets/images/resources/about-5-3.jpg]
[bracketweb.com/zeinet-html/main-html/assets/images/shapes/service-bg-5.png]
[bracketweb.com/zeinet-html/main-html/assets/images/resources/service-5-1-normal.jpg]
[bracketweb.com/zeinet-html/main-html/assets/images/resources/service-5-1.jpg]
[bracketweb.com/zeinet-html/main-html/assets/images/resources/service-5-2-normal.jpg]
[bracketweb.com/zeinet-html/main-html/assets/images/resources/service-5-2.jpg]
[bracketweb.com/zeinet-html/main-html/assets/images/resources/service-5-3-normal.jpg]
[bracketweb.com/zeinet-html/main-html/assets/images/resources/service-5-3.jpg]
[bracketweb.com/zeinet-html/main-html/assets/images/resources/service-5-4-normal.jpg]
[bracketweb.com/zeinet-html/main-html/assets/images/resources/service-5-4.jpg]
[bracketweb.com/zeinet-html/main-html/assets/images/backgrounds/offer-bg.png]
[bracketweb.com/zeinet-html/main-html/assets/images/shapes/offer-bg-2.png]
[bracketweb.com/zeinet-html/main-html/assets/images/shapes/info-icon.png]
[bracketweb.com/zeinet-html/main-html/assets/images/resources/offer-img-1.jpg]
[bracketweb.com/zeinet-html/main-html/assets/images/shapes/movie-bg.png]
[bracketweb.com/zeinet-html/main-html/assets/images/resources/movie-4-1.jpg]
[bracketweb.com/zeinet-html/main-html/assets/images/resources/movie-4-2.jpg]
[bracketweb.com/zeinet-html/main-html/assets/images/resources/movie-4-3.jpg]
[bracketweb.com/zeinet-html/main-html/assets/images/resources/movie-4-4.jpg]
[bracketweb.com/zeinet-html/main-html/assets/images/shapes/quote-icon.png]
[bracketweb.com/zeinet-html/main-html/assets/images/testimonial/testimonial-4-1.png]
[bracketweb.com/zeinet-html/main-html/assets/images/testimonial/testimonial-4-2.png]
[bracketweb.com/zeinet-html/main-html/assets/images/testimonial/testimonial-4-3.png]
[bracketweb.com/zeinet-html/main-html/assets/images/shapes/brand-bg.jpg]
[bracketweb.com/zeinet-html/main-html/assets/images/brand/brand-3-1.png]
[bracketweb.com/zeinet-html/main-html/assets/images/brand/brand-3-2.png]
[bracketweb.com/zeinet-html/main-html/assets/images/brand/brand-3-3.png]
[bracketweb.com/zeinet-html/main-html/assets/images/brand/brand-3-4.png]
[bracketweb.com/zeinet-html/main-html/assets/images/brand/brand-3-5.png]
[bracketweb.com/zeinet-html/main-html/assets/images/resources/price-3-1.jpg]
[bracketweb.com/zeinet-html/main-html/assets/images/resources/price-logo.png]
[bracketweb.com/zeinet-html/main-html/assets/images/resources/price-3-2.jpg]
[bracketweb.com/zeinet-html/main-html/assets/images/backgrounds/video-bg.jpg]
[bracketweb.com/zeinet-html/main-html/assets/images/shapes/video-shape-1.png]
[bracketweb.com/zeinet-html/main-html/assets/images/shapes/video-btn-border.png]
[bracketweb.com/zeinet-html/main-html/assets/images/resources/faq-2-1.jpg]
[bracketweb.com/zeinet-html/main-html/assets/images/resources/faq-2-2.jpg]
[bracketweb.com/zeinet-html/main-html/assets/images/blog/news-3-1.jpg]
[bracketweb.com/zeinet-html/main-html/assets/images/blog/news-3-2.jpg]
[bracketweb.com/zeinet-html/main-html/assets/images/backgrounds/footer-bg.jpg]
[bracketweb.com/zeinet-html/main-html/assets/images/shapes/footer-two-shape-1.png]
[bracketweb.com/zeinet-html/main-html/assets/images/shapes/footer-two-shape-2.png]
[bracketweb.com/zeinet-html/main-html/assets/images/resources/logo-4.png]
[bracketweb.com/zeinet-html/main-html/index4.html]
[bracketweb.com/zeinet-html/main-html/index4-one-page.html]
[bracketweb.com/zeinet-html/main-html/assets/css/zeinet-dark.css]
[bracketweb.com/zeinet-html/main-html/index4-dark.html]
[bracketweb.com/zeinet-html/main-html/assets/css/zeinet-color-2.css]
[bracketweb.com/zeinet-html/main-html/assets/images/resources/logo-5.png]
[bracketweb.com/zeinet-html/main-html/assets/images/backgrounds/main-slider-5-1.jpg]
[bracketweb.com/zeinet-html/main-html/assets/images/shapes/main-slider-five-left-shape.png]
[bracketweb.com/zeinet-html/main-html/assets/images/shapes/main-slider-five-shape-1.png]
[bracketweb.com/zeinet-html/main-html/assets/images/shapes/main-slider-five-shape-2.png]
[bracketweb.com/zeinet-html/main-html/assets/images/shapes/main-slider-five-shape-3.png]
[bracketweb.com/zeinet-html/main-html/assets/images/backgrounds/main-slider-5-2.jpg]
[bracketweb.com/zeinet-html/main-html/assets/images/backgrounds/main-slider-5-3.jpg]
[bracketweb.com/zeinet-html/main-html/assets/images/shapes/feature-four-bg.png]
[bracketweb.com/zeinet-html/main-html/assets/images/shapes/feature-four-shape.png]
[bracketweb.com/zeinet-html/main-html/assets/images/shapes/feature-item-bg.png]
[bracketweb.com/zeinet-html/main-html/assets/images/shapes/about-6-shape.png]
[bracketweb.com/zeinet-html/main-html/assets/images/resources/about-6-1.jpg]
[bracketweb.com/zeinet-html/main-html/assets/images/resources/about-6-2.jpg]
[bracketweb.com/zeinet-html/main-html/assets/images/shapes/mail-bg-3.png]
[bracketweb.com/zeinet-html/main-html/assets/images/resources/service-6-1.jpg]
[bracketweb.com/zeinet-html/main-html/assets/images/resources/service-6-2.jpg]
[bracketweb.com/zeinet-html/main-html/assets/images/resources/service-6-3.jpg]
[bracketweb.com/zeinet-html/main-html/assets/images/resources/service-6-4.jpg]
[bracketweb.com/zeinet-html/main-html/assets/images/backgrounds/offer-bg-2.jpg]
[bracketweb.com/zeinet-html/main-html/assets/images/shapes/tabs-bg.png]
[bracketweb.com/zeinet-html/main-html/assets/images/shapes/offer.png]
[bracketweb.com/zeinet-html/main-html/assets/images/shapes/pricing-bg-4.png]
[bracketweb.com/zeinet-html/main-html/assets/images/shapes/pricing-shape-4.png]
[bracketweb.com/zeinet-html/main-html/assets/images/shapes/testimonial-five-shape-1.png]
[bracketweb.com/zeinet-html/main-html/assets/images/shapes/testimonial-five-shape-2.png]
[bracketweb.com/zeinet-html/main-html/assets/images/testimonial/testimonial-5-1.jpg]
[bracketweb.com/zeinet-html/main-html/assets/images/testimonial/testimonial-5-2.jpg]
[bracketweb.com/zeinet-html/main-html/assets/images/shapes/movie-bg-2.png]
[bracketweb.com/zeinet-html/main-html/assets/images/shop/product-1-1.png]
[bracketweb.com/zeinet-html/main-html/assets/images/shop/product-1-2.png]
[bracketweb.com/zeinet-html/main-html/assets/images/shop/product-1-3.png]
[bracketweb.com/zeinet-html/main-html/assets/images/shapes/brand-bg-2.png]
[bracketweb.com/zeinet-html/main-html/assets/images/brand/brand-4-1.png]
[bracketweb.com/zeinet-html/main-html/assets/images/brand/brand-4-2.png]
[bracketweb.com/zeinet-html/main-html/assets/images/brand/brand-4-3.png]
[bracketweb.com/zeinet-html/main-html/assets/images/brand/brand-4-4.png]
[bracketweb.com/zeinet-html/main-html/assets/images/brand/brand-4-5.png]
[bracketweb.com/zeinet-html/main-html/assets/images/blog/news-4-1.jpg]
[bracketweb.com/zeinet-html/main-html/assets/images/blog/news-4-2.jpg]
[bracketweb.com/zeinet-html/main-html/assets/images/blog/news-4-3.jpg]
[bracketweb.com/zeinet-html/main-html/index5.html]
[bracketweb.com/zeinet-html/main-html/index5-one-page.html]
[bracketweb.com/zeinet-html/main-html/assets/images/resources/logo-6.png]
[bracketweb.com/zeinet-html/main-html/assets/images/shapes/pricing-bg-4-dark.png]
[bracketweb.com/zeinet-html/main-html/index5-dark.html]
[bracketweb.com/zeinet-html/main-html/index-one-page.html]
[bracketweb.com/zeinet-html/main-html/assets/images/shapes/why-choose-one-shape-1-dark.png]
[bracketweb.com/zeinet-html/main-html/assets/images/shapes/why-choose-one-shape-2-dark.png]
[bracketweb.com/zeinet-html/main-html/assets/images/shapes/testimonial-one-shape-1-dark.png]
[bracketweb.com/zeinet-html/main-html/assets/images/shapes/testimonial-one-shape-2-dark.png]
[bracketweb.com/zeinet-html/main-html/assets/images/shapes/live-sports-shape-1-dark.png]
[bracketweb.com/zeinet-html/main-html/index-dark.html]
[bracketweb.com/zeinet-html/main-html/assets/images/backgrounds/main-slider-2-1.jpg]
[bracketweb.com/zeinet-html/main-html/assets/images/shapes/main-slider-two-shape-1.png]
[bracketweb.com/zeinet-html/main-html/assets/images/shapes/main-slider-two-shape-2.png]
[bracketweb.com/zeinet-html/main-html/assets/images/backgrounds/main-slider-2-2.jpg]
[bracketweb.com/zeinet-html/main-html/assets/images/backgrounds/main-slider-2-3.jpg]
[bracketweb.com/zeinet-html/main-html/assets/images/shapes/feature-two-shape-1.png]
[bracketweb.com/zeinet-html/main-html/assets/images/shapes/feature-two-shape-2.png]
[bracketweb.com/zeinet-html/main-html/assets/images/resources/featured-2-1.jpg]
[bracketweb.com/zeinet-html/main-html/assets/images/resources/featured-2-2.jpg]
[bracketweb.com/zeinet-html/main-html/assets/images/resources/featured-2-3.jpg]
[bracketweb.com/zeinet-html/main-html/assets/images/resources/featured-2-4.jpg]
[bracketweb.com/zeinet-html/main-html/assets/images/shapes/all-time-hit-two-bg-shape.png]
[bracketweb.com/zeinet-html/main-html/assets/images/resources/all-time-hit-two-1-1.jpg]
[bracketweb.com/zeinet-html/main-html/assets/images/resources/all-time-hit-two-1-2.jpg]
[bracketweb.com/zeinet-html/main-html/assets/images/resources/all-time-hit-two-1-3.jpg]
[bracketweb.com/zeinet-html/main-html/assets/images/resources/all-time-hit-two-1-4.jpg]
[bracketweb.com/zeinet-html/main-html/assets/images/resources/all-time-hit-two-1-5.jpg]
[bracketweb.com/zeinet-html/main-html/assets/images/resources/watch-devices-img-1.png]
[bracketweb.com/zeinet-html/main-html/assets/images/shapes/watch-devices-price-shape.png]
[bracketweb.com/zeinet-html/main-html/assets/images/resources/faq-one-img-1.jpg]
[bracketweb.com/zeinet-html/main-html/index2.html]
[bracketweb.com/zeinet-html/main-html/index2-one-page.html]
[bracketweb.com/zeinet-html/main-html/index2-dark.html]
[bracketweb.com/zeinet-html/main-html/index3.html]
[bracketweb.com/zeinet-html/main-html/index3-dark.html]
[bracketweb.com/zeinet-html/main-html/index-boxed.html]
[bracketweb.com/zeinet-html/main-html/assets/css/zeinet-rtl.css]
[bracketweb.com/zeinet-html/main-html/assets/css/zeinet-rtl-custom.css]
[bracketweb.com/zeinet-html/main-html/assets/vendors/layerdrops-toolbar/css/layerdrops-toolbar.css]
[bracketweb.com/zeinet-html/main-html/assets/images/backgrounds/main-slider-1-1-rtl.jpg]
[bracketweb.com/zeinet-html/main-html/assets/images/backgrounds/main-slider-1-2-rtl.jpg]
[bracketweb.com/zeinet-html/main-html/assets/images/backgrounds/main-slider-1-3-rtl.jpg]
[bracketweb.com/zeinet-html/main-html/assets/vendors/layerdrops-toolbar/js/js.cookie.min.js]
[bracketweb.com/zeinet-html/main-html/assets/vendors/layerdrops-toolbar/js/jQuery.style.switcher.min.js]
[bracketweb.com/zeinet-html/main-html/assets/vendors/layerdrops-toolbar/js/lang.js]
[translate.google.com/translate_a/elementa0d8.js]
[bracketweb.com/zeinet-html/main-html/assets/vendors/layerdrops-toolbar/js/layerdrops-toolbar.js]
[bracketweb.com/zeinet-html/main-html/index-rtl.html]
[bracketweb.com/zeinet-html/main-html/assets/images/team/team-1-4.jpg]
[bracketweb.com/zeinet-html/main-html/assets/images/team/team-1-5.jpg]
[bracketweb.com/zeinet-html/main-html/assets/images/team/team-1-6.jpg]
[bracketweb.com/zeinet-html/main-html/team.html]
[bracketweb.com/zeinet-html/main-html/team-carousel.html]
[bracketweb.com/zeinet-html/main-html/assets/images/gallery/gallery-page-1.jpg]
[bracketweb.com/zeinet-html/main-html/assets/images/gallery/gallery-page-2.jpg]
[bracketweb.com/zeinet-html/main-html/assets/images/gallery/gallery-page-3.jpg]
[bracketweb.com/zeinet-html/main-html/assets/images/gallery/gallery-page-4.jpg]
[bracketweb.com/zeinet-html/main-html/assets/images/gallery/gallery-page-5.jpg]
[bracketweb.com/zeinet-html/main-html/assets/images/gallery/gallery-page-6.jpg]
[bracketweb.com/zeinet-html/main-html/assets/images/gallery/gallery-page-7.jpg]
[bracketweb.com/zeinet-html/main-html/assets/images/gallery/gallery-page-8.jpg]
[bracketweb.com/zeinet-html/main-html/assets/images/gallery/gallery-page-9.jpg]
[bracketweb.com/zeinet-html/main-html/gallery.html]
[bracketweb.com/zeinet-html/main-html/gallery-carousel.html]
[bracketweb.com/zeinet-html/main-html/packages-02.html]
[bracketweb.com/zeinet-html/main-html/testimonials.html]
[bracketweb.com/zeinet-html/main-html/faq.html]
[bracketweb.com/zeinet-html/main-html/404.html]
[bracketweb.com/zeinet-html/main-html/services-carousel.html]
[bracketweb.com/zeinet-html/main-html/assets/images/services/service-details-img.jpg]
[bracketweb.com/zeinet-html/main-html/tv-streaming.html]
[bracketweb.com/zeinet-html/main-html/news-carousel.html]
[bracketweb.com/zeinet-html/main-html/assets/images/blog/news-sidebar-img-1.jpg]
[bracketweb.com/zeinet-html/main-html/assets/images/blog/news-sidebar-img-2.jpg]
[bracketweb.com/zeinet-html/main-html/assets/images/blog/news-sidebar-img-3.jpg]
[bracketweb.com/zeinet-html/main-html/assets/images/icon/news-sidebar-bottom-box-icon.png]
[bracketweb.com/zeinet-html/main-html/assets/images/icon/news-sidebar__delivering-services-icon.png]
[bracketweb.com/zeinet-html/main-html/news-sidebar.html]
[bracketweb.com/zeinet-html/main-html/news-sidebar-left.html]
[bracketweb.com/zeinet-html/main-html/assets/images/shop/shop-product-1-1.jpg]
[bracketweb.com/zeinet-html/main-html/assets/images/shop/shop-product-1-2.jpg]
[bracketweb.com/zeinet-html/main-html/assets/images/shop/shop-product-1-3.jpg]
[bracketweb.com/zeinet-html/main-html/assets/images/shop/shop-product-1-4.jpg]
[bracketweb.com/zeinet-html/main-html/assets/images/shop/shop-product-1-5.jpg]
[bracketweb.com/zeinet-html/main-html/assets/images/shop/shop-product-1-6.jpg]
[bracketweb.com/zeinet-html/main-html/assets/images/shop/shop-product-1-7.jpg]
[bracketweb.com/zeinet-html/main-html/assets/images/shop/shop-product-1-8.jpg]
[bracketweb.com/zeinet-html/main-html/assets/images/shop/shop-product-1-9.jpg]
[bracketweb.com/zeinet-html/main-html/products.html]
[bracketweb.com/zeinet-html/main-html/assets/images/shop/product-details-img-1.jpg]
[bracketweb.com/zeinet-html/main-html/assets/images/shop/review-1-1.jpg]
[bracketweb.com/zeinet-html/main-html/assets/images/shop/review-1-2.jpg]
[bracketweb.com/zeinet-html/main-html/product-details.html]
[bracketweb.com/zeinet-html/main-html/assets/vendors/nice-select/nice-select.css]
[bracketweb.com/zeinet-html/main-html/assets/images/shop/paypal-1.jpg]
[bracketweb.com/zeinet-html/main-html/checkout.html]
[bracketweb.com/zeinet-html/main-html/assets/vendors/nice-select/jquery.nice-select.min.js]
[bracketweb.com/zeinet-html/main-html/assets/vendors/zeinet-icons-two/fonts/icomoonc551.eot]
[bracketweb.com/zeinet-html/main-html/assets/vendors/zeinet-icons-two/fonts/icomoonc551.ttf]
[bracketweb.com/zeinet-html/main-html/assets/vendors/zeinet-icons-two/fonts/icomoonc551.woff]
[bracketweb.com/zeinet-html/main-html/assets/vendors/zeinet-icons-two/style.css]
[bracketweb.com/zeinet-html/main-html/assets/css/zeinet-color-1.css]
[bracketweb.com/zeinet-html/main-html/broadsatelite-tvand.html]
[bracketweb.com/zeinet-html/main-html/assets/vendors/zeinet-icons-two/fonts/icomoonc551.svg]
[bracketweb.com/zeinet-html/main-html/assets/css/zeinet-dark.css]
[bracketweb.com/zeinet-html/main-html/assets/css/zeinet-color-2.css]
[bracketweb.com/zeinet-html/main-html/assets/css/zeinet-rtl.css]
[bracketweb.com/zeinet-html/main-html/assets/css/zeinet-rtl-custom.css]
[bracketweb.com/zeinet-html/main-html/assets/vendors/layerdrops-toolbar/css/layerdrops-toolbar.css]
[bracketweb.com/zeinet-html/main-html/assets/vendors/nice-select/nice-select.css]
[bracketweb.com/zeinet-html/main-html/assets/vendors/zeinet-icons-two/fonts/icomoonc551.svg]
